#Packing pin usage report
Type: io
	Input Pin Usage:
		Max: 1.00 (0.50)
		Avg: 0.20 (0.10)
		Min: 0.00 (0.00)
		Histogram:
		[        0:      0.2) 73 ( 80.2%) |************************************************
		[      0.2:      0.4)  0 (  0.0%) |
		[      0.4:      0.6)  0 (  0.0%) |
		[      0.6:      0.8)  0 (  0.0%) |
		[      0.8:        1) 18 ( 19.8%) |************
		[        1:      1.2)  0 (  0.0%) |
		[      1.2:      1.4)  0 (  0.0%) |
		[      1.4:      1.6)  0 (  0.0%) |
		[      1.6:      1.8)  0 (  0.0%) |
		[      1.8:        2)  0 (  0.0%) |
	Output Pin Usage:
		Max: 1.00 (1.00)
		Avg: 0.80 (0.80)
		Min: 0.00 (0.00)
		Histogram:
		[        0:      0.1) 18 ( 19.8%) |************
		[      0.1:      0.2)  0 (  0.0%) |
		[      0.2:      0.3)  0 (  0.0%) |
		[      0.3:      0.4)  0 (  0.0%) |
		[      0.4:      0.5)  0 (  0.0%) |
		[      0.5:      0.6)  0 (  0.0%) |
		[      0.6:      0.7)  0 (  0.0%) |
		[      0.7:      0.8)  0 (  0.0%) |
		[      0.8:      0.9)  0 (  0.0%) |
		[      0.9:        1) 73 ( 80.2%) |************************************************

Type: clb
	Input Pin Usage:
		Max: 25.00 (0.40)
		Avg: 19.89 (0.32)
		Min: 0.00 (0.00)
		Histogram:
		[        0:      6.2) 1 ( 11.1%) |************
		[      6.2:       12) 0 (  0.0%) |
		[       12:       19) 1 ( 11.1%) |************
		[       19:       25) 4 ( 44.4%) |*************************************************
		[       25:       31) 3 ( 33.3%) |*************************************
		[       31:       37) 0 (  0.0%) |
		[       37:       43) 0 (  0.0%) |
		[       43:       50) 0 (  0.0%) |
		[       50:       56) 0 (  0.0%) |
		[       56:       62) 0 (  0.0%) |
	Output Pin Usage:
		Max: 19.00 (0.46)
		Avg: 10.67 (0.26)
		Min: 1.00 (0.02)
		Histogram:
		[        0:      4.1) 1 ( 11.1%) |****************
		[      4.1:      8.2) 2 ( 22.2%) |*********************************
		[      8.2:       12) 2 ( 22.2%) |*********************************
		[       12:       16) 3 ( 33.3%) |*************************************************
		[       16:       20) 1 ( 11.1%) |****************
		[       20:       25) 0 (  0.0%) |
		[       25:       29) 0 (  0.0%) |
		[       29:       33) 0 (  0.0%) |
		[       33:       37) 0 (  0.0%) |
		[       37:       41) 0 (  0.0%) |

Type: memory
	Input Pin Usage:
		Max: 107.00 (0.88)
		Avg: 107.00 (0.88)
		Min: 107.00 (0.88)
		Histogram:
		[        0:       12)  0 (  0.0%) |
		[       12:       24)  0 (  0.0%) |
		[       24:       36)  0 (  0.0%) |
		[       36:       48)  0 (  0.0%) |
		[       48:       60)  0 (  0.0%) |
		[       60:       73)  0 (  0.0%) |
		[       73:       85)  0 (  0.0%) |
		[       85:       97)  0 (  0.0%) |
		[       97:  1.1e+02) 16 (100.0%) |************************************************
		[  1.1e+02:  1.2e+02)  0 (  0.0%) |
	Output Pin Usage:
		Max: 6.00 (0.06)
		Avg: 6.00 (0.06)
		Min: 6.00 (0.06)
		Histogram:
		[        0:      9.6) 16 (100.0%) |************************************************
		[      9.6:       19)  0 (  0.0%) |
		[       19:       29)  0 (  0.0%) |
		[       29:       38)  0 (  0.0%) |
		[       38:       48)  0 (  0.0%) |
		[       48:       58)  0 (  0.0%) |
		[       58:       67)  0 (  0.0%) |
		[       67:       77)  0 (  0.0%) |
		[       77:       86)  0 (  0.0%) |
		[       86:       96)  0 (  0.0%) |

