#Packing pin usage report
Type: io
	Input Pin Usage:
		Max: 1.00 (0.50)
		Avg: 0.98 (0.49)
		Min: 0.00 (0.00)
		Histogram:
		[        0:      0.2)   7 (  2.4%) |*
		[      0.2:      0.4)   0 (  0.0%) |
		[      0.4:      0.6)   0 (  0.0%) |
		[      0.6:      0.8)   0 (  0.0%) |
		[      0.8:        1) 279 ( 97.6%) |***********************************************
		[        1:      1.2)   0 (  0.0%) |
		[      1.2:      1.4)   0 (  0.0%) |
		[      1.4:      1.6)   0 (  0.0%) |
		[      1.6:      1.8)   0 (  0.0%) |
		[      1.8:        2)   0 (  0.0%) |
	Output Pin Usage:
		Max: 1.00 (1.00)
		Avg: 0.02 (0.02)
		Min: 0.00 (0.00)
		Histogram:
		[        0:      0.1) 279 ( 97.6%) |***********************************************
		[      0.1:      0.2)   0 (  0.0%) |
		[      0.2:      0.3)   0 (  0.0%) |
		[      0.3:      0.4)   0 (  0.0%) |
		[      0.4:      0.5)   0 (  0.0%) |
		[      0.5:      0.6)   0 (  0.0%) |
		[      0.6:      0.7)   0 (  0.0%) |
		[      0.7:      0.8)   0 (  0.0%) |
		[      0.8:      0.9)   0 (  0.0%) |
		[      0.9:        1)   7 (  2.4%) |*

Type: clb
	Input Pin Usage:
		Max: 45.00 (0.73)
		Avg: 11.88 (0.19)
		Min: 0.00 (0.00)
		Histogram:
		[        0:      6.2) 248 ( 55.6%) |***********************************************
		[      6.2:       12)   9 (  2.0%) |**
		[       12:       19)  30 (  6.7%) |******
		[       19:       25)  48 ( 10.8%) |*********
		[       25:       31)  56 ( 12.6%) |***********
		[       31:       37)  27 (  6.1%) |*****
		[       37:       43)  25 (  5.6%) |*****
		[       43:       50)   3 (  0.7%) |*
		[       50:       56)   0 (  0.0%) |
		[       56:       62)   0 (  0.0%) |
	Output Pin Usage:
		Max: 28.00 (0.68)
		Avg: 8.85 (0.22)
		Min: 1.00 (0.02)
		Histogram:
		[        0:      4.1) 240 ( 53.8%) |***********************************************
		[      4.1:      8.2)  19 (  4.3%) |****
		[      8.2:       12)  15 (  3.4%) |***
		[       12:       16)  32 (  7.2%) |******
		[       16:       20)  59 ( 13.2%) |************
		[       20:       25)  77 ( 17.3%) |***************
		[       25:       29)   4 (  0.9%) |*
		[       29:       33)   0 (  0.0%) |
		[       33:       37)   0 (  0.0%) |
		[       37:       41)   0 (  0.0%) |

Type: memory
	Input Pin Usage:
		Max: 29.00 (0.24)
		Avg: 24.33 (0.20)
		Min: 16.00 (0.13)
		Histogram:
		[        0:       12) 0 (  0.0%) |
		[       12:       24) 1 ( 33.3%) |*************************
		[       24:       36) 2 ( 66.7%) |*************************************************
		[       36:       48) 0 (  0.0%) |
		[       48:       60) 0 (  0.0%) |
		[       60:       73) 0 (  0.0%) |
		[       73:       85) 0 (  0.0%) |
		[       85:       97) 0 (  0.0%) |
		[       97:  1.1e+02) 0 (  0.0%) |
		[  1.1e+02:  1.2e+02) 0 (  0.0%) |
	Output Pin Usage:
		Max: 17.00 (0.18)
		Avg: 13.33 (0.14)
		Min: 6.00 (0.06)
		Histogram:
		[        0:      9.6) 1 ( 33.3%) |*************************
		[      9.6:       19) 2 ( 66.7%) |*************************************************
		[       19:       29) 0 (  0.0%) |
		[       29:       38) 0 (  0.0%) |
		[       38:       48) 0 (  0.0%) |
		[       48:       58) 0 (  0.0%) |
		[       58:       67) 0 (  0.0%) |
		[       67:       77) 0 (  0.0%) |
		[       77:       86) 0 (  0.0%) |
		[       86:       96) 0 (  0.0%) |

